[    0.000000] Initializing cgroup subsys cpuset
[    0.000000] Initializing cgroup subsys cpu
[    0.000000] Initializing cgroup subsys cpuacct
[    0.000000] Linux version 4.4.0-131-generic (buildd@lgw01-amd64-015) (gcc version 5.4.0 20160609 (Ubuntu 5.4.0-6ubuntu1~16.04.10) ) #157-Ubuntu SMP Thu Jul 12 15:51:36 UTC 2018 (Ubuntu 4.4.0-131.157-generic 4.4.134)
[    0.000000] Command line: BOOT_IMAGE=/boot/vmlinuz-4.4.0-131-generic root=LABEL=cloudimg-rootfs ro console=tty1 console=ttyS0
[    0.000000] KERNEL supported cpus:
[    000000]   Intel GenuineIntel
[    0.000000]   AMD AuthenticAMD
[    0.000000]   Centaur CentaurHauls
[    0.000000] x86/fpu: xstate_offset[2]:  576, xstate_sizes[2]:  256
[    0.000000] x86/fpu: Supporting XSAVE feature 0x01: 'x87 floating point registers'
[    0.000000] x86/fpu: Supporting XSAVE feature 0x02: 'SSE registers'
[    0.000000] x86/fpu: Supporting XSAVE feature 0x04: 'AVX registers'
[    0.000000] x86/fpu: Enabled xstate features 0x7, context size is 832 bytes, using 'standard' format.
[    0.000000] x86/fpu: Using 'eager' FPU context switches.
[    0.000000] e820: BIOS-provided physical RAM map:
[    0.000000] BIOS-e820: [mem 0x0000000000000000-0x000000000009fbff] usable
[    0.000000] BIOS-e820: [mem 0x000000000009fc00-0x000000000009ffff] reserved
[    0.000000] BIOS-e820: [mem 0x00000000000f0000-0x00000000000ffff] eserved
[    0.000000] BIOS-e820: [mem 0x000000000100000-0x000000003ffeffff] usable
[    0.000000] BIOS-e820: [mem 0x00000003fff0000-0x000000003fffffff] ACPI data
[    0.000000] BIOS-e820: [mem 0x00000000fec00000-0x00000000fec00fff] reserved
[   0.00000] BIOS-e820: [mem x00000000fee00000-0x00000000fee00fff] reserved
[    0.000000] BIOS-e820: [[mem 0x00000000fffc0000-0x00000000ffffffff] reserved
[    0.000000] NX (Execute Disable) protection: active
[    0.000000] SMBIOS 2.5 present.
[    0.000000] Hypervisor detected: KVM
[    0.000000] e820: last_pfn = 0x3fff0 max_arch_pfn = 0x400000000
[    0.000000] MTRR: Disabled
[    0.000000] x86/PAT: MTRRs disabled, skipping PAT initialization too.
[    0.000000] CPU MTRRs all blank - virtualized system.
[    0.000000] x86/PAT: Configuration [0-7]: WB  WT  UC- UC  WB  WT  UC- UC  
[    0.000000] found SMP MP-table at [mem 0x0009fff0-0x0009ffff] mapped at [ffff88000009fff0]
[    0.000000] Scanning 1 areas for low memory corruption
[    0.000000] RAMDISK: [mem 0x3630c000-0x3717dfff]
[    0.000000] ACPI: Early table checksum verification disabled
[    0.000000] ACPI: RSDP 0x00000000000E0000 000024 (v02 VBOX  )
[    0.000000] ACPI: XSDT 0x000000003FFF0030 00003C (v01 VBOX   VBOXXSDT 00000001 ASL  00000061)
[    0.000000] ACPI: FACP 0x000000003FFF00F0 0000F4 (v04 VBOX   VBOXFACP 00000001 ASL  00000061)
[    0.000000] ACPI: DSDT 0x000000003FFF0470 0021FF (v02 VBOX   VBOXBIOS 00000002 INTL 20180105)
[    0.000000] ACPI: FACS 0x000000003FFF0200 000040
[    0.000000] ACPI: FACS 0x000000003FFF0200 000040
[    0.000000] ACPI: APIC 0x00000003FFF0240 00005C (v02 VBO   VBOXAPIC 00000001 ASL  00000061)
[    0.000000] ACPI: SSDT 0x000000003FFF02A0 0001CC (v01 VBOX   VBOXCPUT 00000002 INTL 20180105)
[    0.000000] No NUMA configuration found
[    0.000000] Faking a node at [mem 0x0000000000000000-0x000000003ffeffff]
[    0.000000] NODE_DATA(0) allocated [mem 0x3ffeb000-0x3ffeffff]
[    0.000000] kvm-clock: Using msrs 4b564d01 and 4b564d00
[    0.000000] kvm-clock: cpu 0, msr 0:3ffe3001, primary cpu clock
[    0.000000] kvm-clock: using sched offset of 3462491259 cycles
[    0.000000] clocksource: kvm-clock: mask: 0xffffffffffffffff max_cycles: 0x1cd42e4dffb, max_idle_ns: 881590591483 ns
[    0.000000] Zone ranges:
[    0.000000]   DMA      [mem 0x0000000000001000-0x0000000000ffffff][     0.000000]   DMA32    [mem 0x0000000001000000-0x000000003ffeffff]
[    0.000000]   Normal   empty
[    0.000000]   Device   empty
[    0.000000] Movable zone start foreach node
[    0.000000] Early memory nde nges
[    0.00000]   node   0: [mem 0x0000000000001000-0x000000000009efff]
[    0.000000]   node   0: [mem 0x0000000000100000-0x000000003ffeffff]
[    0.000000] Initmem setup node 0 [mem 0x0000000000001000-0x000000003ffeffff]
[    0.000000] ACPI: PM-Timer IO Port: 0x4008
[    0.000000] IOAPIC[0]: apic_id 2, version 32, address 0xfec00000, GSI 0-23
[    0.000000] ACPI: INT_SRC_OVR (bus 0 bus_irq 0 global_irq 2 dfl dfl)
[    0.000000] ACPI: INT_SRC_OVR (bus 0 bus_irq 9 global_irq 9 low level)
[    0.000000] Using ACPI (MADT) for SMP configurationinformation
[    0.000000] smpboot: Allowing 2 CPUs, 0 hotplug CPUs
[    0.000000] PM: Registered nosave memory: [mem 0x00000000-0x00000fff]
[    0.000000] PM: Registered nosave memory: [mem 0x0009f000-0x0009ffff]
[    0.000000] PM: Registered nosave memory: [mem 0x000a0000-0x000effff]
[    0.000000] PM: Registered nosave memory: [mem 0x000f0000-0x000fffff]
[    0.000000] e820: [mem 0x40000000-0xfebfffff] available for PCI vices
[    0.000000] Booting paravirtualized kernel on KVM
[    0.000000] clocksource: refined-jiffies: mask: 0xffffffff max_cycles: 0xffffffff, max_idle_ns: 7645519600211568 ns
[    0.000000] setup_percpu: NR_CPUS:512 nr_cpumask_bits:512 nr_cpu_ids:2 nr_node_ids:1
[    0.000000] PERCPU: Embedded 34 pages/cpu @ffff88003fc00000 s99544 r8192 d31528 u1048576
[    0.0000] PV qspinlock hash table entries: 256 (order: 0, 4096 bytes)
[    0.000000] Built 1 zonelists inNoe rder, mobility grouping on.  Total pages: 257912
[    0.000000] Policy zone: DMA32
[    0.000000] Kernel command line: BOOT_IMAG=/oo/vmlinuz-4.4.0-131-generic root=LABEL=cloudimg-rootfs ro console=tty1 console=ttyS0
[    0.000000] PID hash table entries: 4096 (order: 3, 32768 bytes)
[    0.000000] Memory: 997724K/1048120K available (8546K kernel code, 1313K rwdata, 4000K rodata, 1516K init, 1316K bss, 50396K reserved, 0K cma-reserved)
[    0.000000] SLUB: HWalign=64, Order=0-3, MinObjects=0, CPUs=2, Nodes=1
[    0.000000] Kernel/User page tables isolation: enabled
[    0.000000] Hierarchical RCU implementation.
[    0.000000]	Build-time adjustment of leaf fanout to 64.
[   .000000] 	RCU restricting CPUs from NR_CPUS=512 to nr_cpu_id=2.
[   0.000000] RU: Adjusting geometry for rcu_fanout_leaf=64, nr_cpu_ids=2
[    0.000000] NR_IRQS:33024 nr_irqs:440 16
[    0.000000] Console: colour VGA+ 80x25
[    0.000000] console [tty1] enabled
[    0.000000] console [ttyS0] enabled
[    0.000000] tsc: Detected 2194.918 MHz processor
[    1.603211] Calibrating delay loop (skipped) preset value.. 4389.83 BogoMIPS (lpj=8779672)
[    1.605369] pid_max: default: 32768 minimum: 301
[    1.606602] ACPI: Core revision 20150930
[    1.614127] ACPI: 2 ACPI AML tables successfully acquired and loaded
[    1.615950] Security Framework initialized
[    1.622345] Yama: becoming mindful.
[    1.623328] AppArmor: AppArmor initialized
[    1.639411] Dentry cache hash table entries: 131072 (order: 8, 1048576 bytes)
[    1.647187] Inode-cache hash table entries: 65536 (order: 7, 524288 bytes)
[    1.655963] Mount-cache hash table entries: 2048 (order: 2, 16384 bytes)
[    1.662764] Mountpoint-cache hash table entries: 2048 (order: 2, 16384 bytes)
[    1.669989] Initializing cgroup subsys io
[    1.671661] Initializing cgroup subsys memory
[    1.678305] Initializing cgroup subsys devices
[    1.679666] Initializing cgroup subsys freezer
[    1.687512] Initializing cgroup subsys net_cls
[    1.689470] Initializing cgroup subsys perf_event
[    1.715531] Initializing cgroup subsys net_prio
[    1.716951] Initializing cgroup subsys hugetlb
[    1.731694] Initializing cgroup subsys pids
[    1.732845] CPU: Physical Processor ID: 0
[    1.744495] CPU: Processor Core ID: 0
[    1.746710] mce: CPU supports 0 MCE banks
[    1.747964] Last level iTLB entries: 4KB 64, 2MB 8, 4MB 8
[    1.749263] Last level dTLB entries: 4KB 64, 2MB 0, 4MB 0, 1GB 4
[    1.764735] Spectre V2 : Mitigation: Full generic retpoline
[    1.798220] Spectre V2 : Speculation control IBPB not-supported IBRS not-supported
[    1.827637] Speculative Store Bypass: Vulnerable
[    1.839129] Freeing SMP alternatives memory: 32K
[    1.875180] ftrace: allocating 32245 entries in 126 pages
[    1.947544] smpboot: APIC(0) Converting physical 0 to logical package 0
[    1.952547] smpboot: Max logical packages: 1
[    1.962841] x2apic enabled
[    1.964295] Switched APIC routing to physical x2apic.
[    1.967451] ..TIMER: vector=0x30 apic1=0 pin1=2 apic2=-1 pin2=-1
[    2.076156] smpboot: CPU0: Intel(R) Core(TM) i5-5200U CPU @ 2.20GHz (family: 0x6, model: 0x3d, stepping: 0x4)
[    2.082253] Performance Events: unsupported p6 CPU model 61 no PMU driver, software events only.
[    2.090081] KVM setup paravirtual spinlock
[    2.095130] x86: Booting SMP configuration:
[    2.101547] .... node  #0, CPUs:      #1
[    2.105351] kvm-clock: cpu 1, msr 0:3ffe3041, secondary cpu clock
[    2.166310] mce: CPU supports 0 MCE banks
[    2.184393] x86: Booted up 1 node, 2 CPUs
[    2.186002] smpboot: Total of 2 processors activated (8779.67 BogoMIPS)
[    2.188487] devtmpfs: initialized
[    2.199321] evm: security.selinux
[    2.201872] evm: security.SMACK64
[    2.202989] evm: security.SMACK64EXEC
[    2.204303] evm: security.SMACK64TRANSMUTE
[    2.205567] evm: security.SMACK64MMAP
[    2.206818] evm: security.ima
[    2.213172] evm: security.capability
[    2.219636] clocksource: jiffies: mask: 0xffffffff max_cycles: 0xffffffff, max_idle_ns: 7645041785100000 ns
[    2.221910] futex hash table entries: 512 (order: 3, 32768 bytes)
[    2.227825] pinctrl core: initialized pinctrl subsystem
[    2.238927] RTC time: 17:36:22, date: 08/11/18
[    2.249263] NET: Registered protocol family 16
[    2.266229] cpuidle: using governor ladder
[    2.279965] cpuidle: using governor menu
[    2.281098] PCCT header not found.
[    2.281977] ACPI: bus type PCI registered
[    2.282861] acpiphp: ACPI Hot Plug PCI Controller Driver version: 0.5
[    2.285707] PCI: Using configuration type 1 for base access
[    2.309240] ACPI: Added _OSI(Module Device)
[    2.325193] ACPI: Added _OSI(Processor Device)
[    2.334418] ACPI: Added _OSI(3.0 _SCP Extensions)
[    2.343287] ACPI: Added _OSI(Processor Aggregator Device)
[    2.352733] ACPI: Executed 1 blocks of module-level executable AML code
[    2.414471] ACPI: Interpreter enabled
[    2.421479] ACPI: (supports S0 S5)
[    2.427755] ACPI: Using IOAPIC for interrupt routing
[    2.429160] PCI: Using host bridge windows from ACPI; if necessary, use "pci=nocrs" and report a bug
[    2.457792] ACPI: PCI Root Bridge [PCI0] (domain 0000 [bus 00-ff])
[    2.496843] acpi PNP0A03:00: _OSC: OS supports [ASPM ClockPM Segments MSI]
[    2.509177] acpi PNP0A03:00: _OSC: not requesting OS control; OS requires [ExtendedConfig ASPM ClockPM MSI]
[    2.511656] acpi PNP0A03:00: fail to add MMCONFIG information, can't access extended PCI configuration space under this bridge.
[    2.537827] PCI host bridge to bus 0000:00
[    2.552599] pci_bus 0000:00: root bus resource [io  0x0000-0x0cf7 window]
[    2.555188] pci_bus 0000:00: root bus resource [io  0x0d00-0xffff window]
[    2.556648] pci_bus 0000:00: root bus resource [mem 0x000a0000-0x000bffff window]
[    2.565855] pci_bus 0000:00: root bus resource [mem 0x40000000-0xfdffffff window]
[    2.572859] pci_bus 0000:00: root bus resource [bus 00-ff]
[    2.581227] pci 0000:00:01.1: legacy IDE quirk: reg 0x10: [io  0x01f0-0x01f7]
[    2.582741] pci 0000:00:01.1: legacy IDE quirk: reg 0x14: [io  0x03f6]
[    2.587002] pci 0000:00:01.1: legacy IDE quirk: reg 0x18: [io  0x0170-0x0177]
[    2.611313] pci 0000:00:01.1: legacy IDE quirk: reg 0x1c: [io  0x0376]
[    2.643931] pci 0000:00:07.0: quirk: [io  0x4000-0x403f] claimed by PIIX4 ACPI
[    2.657040] pci 0000:00:07.0: quirk: [io  0x4100-0x410f] claimed by PIIX4 SMB
[    2.668581] ACPI: PCI Interrupt Link [LNKA] (IRQs 5 9 10 *11)
[    2.671629] ACPI: PCI Interrupt Link [LNKB] (IRQs 5 9 *10 11)
[    2.684778] ACPI: PCI Interrupt Link [LNKC] (IRQs 5 *9 10 11)
[    2.698007] ACPI: PCI Interrupt Link [LNKD] (IRQs 5 9 10 *11)
[    2.699712] ACPI: Enabled 2 GPEs in block 00 to 07
[    2.708376] vgaarb: setting as boot device: PCI:0000:00:02.0
[    2.712570] vgaarb: device added: PCI:0000:00:02.0,decodes=io+mem,owns=io+mem,locks=none
[    2.723949] vgaarb: loaded
[    2.725308] vgaarb: bridge control possible 0000:00:02.0
[    2.727886] SCSI subsystem initialized
[    2.730027] ACPI: bus type USB registered
[    2.731816] usbcore: registered new interface driver usbfs
[    2.734542] usbcore: registered new interface driver hub
[    2.735799] usbcore: registered new device driver usb
[    2.738805] PCI: Using ACPI for IRQ routing
[    2.747074] NetLabel: Initializing
[    2.749208] NetLabel:  domain hash size = 128
[    2.755899] NetLabel:  protocols = UNLABELED CIPSOv4
[    2.761136] NetLabel:  unlabeled traffic allowed by default
[    2.769746] amd_nb: Cannot enumerate AMD northbridges
[    2.771287] clocksource: Switched to clocksource kvm-clock
[    2.780947] AppArmor: AppArmoFilesystem Enabled    2.875533] pnp: PnP ACPI init[  2.9502] pnp: PnP ACPI: found 3 devices

[    3.107193] clocksour: acpi_p: mask: 0xffffff max_cycles: 0xffffff, max_idle_ns: 2085701024 ns
[    3.189638 NET: Registered protocol family 2

[    3.217313] TCP established hash table entries: 8192 (order: 4, 65536 byt)

[    3.276339] TCP bind hash table entries: 8192 (order: 5, 131072 bytes)
[    3.279961] TCP: Hash tables configured (established 8192 bind 8192)
[    3.281524] UDP ha table entries: 512 (orr:, 16384bytes)
[   3.477098] UDP-Lite hash table entries: 512 (orde 2 16384 bytes)
[   3.638975] NET: Registered protocol family 1
[    3.667274] pci 0000:00:00.0: Limiting direct PCI/PCI transfers
[    3.668950] pci 0000:00:01.0: Activating ISA DMA hang workarounds
[    3.671359] Unpacking initramfs...

[    3.941421] Freeing initrd memory: 14792K
[    3.968218] RAPL PMU detected, API unit is 2^-32 Joules, 4 fixed counters 10737418240 ms ovfl timer
[    3.986654] hw unit of domain pp0-core 2^-0 Joules
[    4.002883] hw unit of domain package 2^-0 Joules
[    4.004060] hw unit of domain dram 2^-0 Joules
[    4.014564] hw unit of domain pp1-gpu 2^-0 Joules
[    4.063932] platform rtc_cmos: registered platform RTC device (no PNP device found)
[    4.138709] Scanning for low memory corruption every 60 seconds
[    4.141661] audit: initializing netlink subsys (disabled)
[    4.182992] audit: type=2000 audit(1534008987.219:1): initialized
[    4.184565] Initialise system trusted keyring
[    4.185722] HugeTLB registered 2 MB page size, pre-allocated 0 pages
[    4.188501] zbud: loaded
[    4.189658] VFS: Disk quotas dquot_6.6.0
[    4.202945] VFS: Dquot-cache hash table entries: 512 (order 0, 4096 bytes)
[    4.219894] squashfs: version 4.0 (2009/01/31) Phillip Lougher
[    4.221536] fuse init (API version 7.23)
[    4.222672] Key type big_key registered
[    4.224094] Allocating IMA MOK and blacklist keyrings.
[    4.313835] Key type asymmetric registered
[    4.321088] Asymmetric key parser 'x509' registered
[    4.322121] Block layer SCSI generic (bsg) driver version 0.4 loaded (major 249)
[    4.323814] io scheduler noop registered
[    4.324802] io scheduler deadline registered (default)
[    4.325980] io scheduler cfq registered
[    4.327267] pci_hotplug: PCI Hot Plug PCI Core version: 0.5
[    4.356051] pciehp: PCI Express Hot Plug Controller Driver version: 0.4
[    4.363786] ACPI: AC Adapter [AC] (off-line)
[    4.365291] input: Power Button as /devices/LNXSYSTM:00/LNXPWRBN:00/input/input0
[    4.367530] ACPI: Power Button [PWRF]
[    4.369045] input: Sleep Button as /devices/LNXSYSTM:00/LNXSLPBN:00/input/input1
[    4.371286] ACPI: Sleep Button [SLPF]
[    4.394103] ACPI: Battery Slot [BAT0] (battery present)
[    4.400159] GHES: HEST is not enabled!
[    4.433795] Serial: 8250/1655driver,32 ports, IRQ sharing enabled
[  4.553988] 00:02: ttyS0 at I/O 0x3f8 (irq = 4, base_baud = 115200) is a 16550A

[    4.609648] Linux agpgart interface v0.103
[    4.613722] loop: module loaded
[    4.618143] scsi host0: ata_piix
[    4.619183] scsi host1: ata_piix
[    4.620270] ata1: PATA max UDMA/33 cmd 0x1f0 ctl 0x3f6 bmdma 0xd000 irq 14
[    4.626085] ata2: PATA max UDMA/33 cmd 0x170 ctl 0x376 bmdma 0xd008 irq 15
[    4.641676] libphy: Fixed MDIO Bus: probed
[    4.644373] tun: Universal TUN/TAP device driver, 1.6
[    4.651162] tun: (C) 1999-2004 Max Krasnyansky <maxk@qualcomm.com>
[    4.662432] PPP generic driver version 2.4.2
[    4.665314] ehci_hcd: USB 2.0 'Enhanced' Host Controller (EHCI) Driver
[    4.668762] ehci-pci: EHCI PCI platform driver
[    4.669887] ehci-platform: EHCI generic platform driver
[    4.672825] ohci_hcd: USB 1.1 'Open' Host Controller (OHCI) Driver
[    4.679432] ohci-pci: OHCI PCI platform driver
[    4.680905] ohci-platform: OHCI generic platform driver
[    4.691085] uhci_hcd: USB Universal Host Controller Interface driver
[    4.695213] i8042: PNP: PS/2 Controller [PNP0303:PS2K,PNP0f03:PS2M] at 0x60,0x64 irq 1,12
[    4.704137] serio: i8042 KBD port at 0x60,0x64 irq 1
[    4.742918] serio: i8042 AUX port at 0x60,0x64 irq 12
[    4.745582] mousedev: PS/2 mouse device common for all mice
[    4.764274] rtc_cmos rtc_cmos: rtc core: registered rtc_cmos as rtc0
[    4.794333] rtc_cmos rtc_cmos: alarms up to one day, 114 bytes nvram
[    4.813253] input: AT Translated Set 2 keyboard as /devices/platform/i8042/serio0/input/input2
[    4.829031] i2c /dev entries driver
[    4.833340] device-mapper: uevent: version 1.0.3
[    4.835369] device-mapper: ioctl: 4.34.0-ioctl (2015-10-28) initialised: dm-devel@redhat.com
[    4.837937] ledtrig-cpu: registered to indicate activity on CPUs
[    4.840553] NET: Registered protocol family 10
[    4.847200] NET: Registered protocol family 17
[    4.858660] Key type dns_resolver registered
[    4.872117] registered taskstats version 1
[    4.873417] Loading compiled-in X.509 certificates
[    4.876316] Loaded X.509 cert 'Build time autogenerated kernel key: 8f274abdf49cd12572c1533a34d1eafea768213f'
[    4.921442] zswap: loaded using pool lzo/zbud
[    4.932921] Key type trusted registered
[    4.938010] Key type encrypted registered
[    4.983092] AppArmor: AppArmor sha1 policy hashing enabled
[    4.984236] ima: No TPM chip found, activating TPM-bypass!
[    5.014686] ima: Allocated hash algorithm: sha1
[    5.033302] evm: HMAC attrs: 0x1
[    5.034865]   Magic number: 14:223:643
[    5.063053] rtc_cmos rtc_cmos: setting system clock to 2018-08-11 17:36:25 UTC (1534008985)
[    5.074132] tsc: Refined TSC clocksource calibration: 2195.681 MHz
[    5.133140] clocksource: tsc: mask: 0xffffffffffffffff max_cycles: 0x1fa642f1887, max_idle_ns: 440795304901 ns
[    5.133334] BIOS EDD facility v0.16 2004-Jun-25, 0 devices found
[    5.133335] EDD information not available.
[    5.140458] Freeing unused kernel memory: 1516K
[    5.163727] Write protecting the kernel read-only data: 14336k
[    5.175146] Freeing unused kernel memory: 1680K
[    5.203364] Freeing unused kernel memory: 96K
Loading, please wait...
[    5.223373] random: systemd-udevd: uninitialized urandom read (16 bytes read, 5 bits of entropy available)
starting version 229
[    5.228080] random: udevadm: uninitialized urandom read (16 bytes read, 5 bits of entropy available)
[    5.228116] random: udevadm: uninitialized urandom read (16 bytes read, 5 bits of entropy available)
[    5.239229] random: udevadm: uninitialized urandom read (16 bytes read, 5 bits of entropy available)
[    5.239276] random: udevadm: uninitialized urandom read (16 bytes read, 5 bits of entropy available)
[    5.239417] random: udevadm: uninitialized urandom read (16 bytes read, 5 bits of entropy available)
[    5.239471] random: udevadm: uninitialized urandom read (16 bytes read, 5 bits of entropy available)
[    5.239536] random: udevadm: uninitialized urandom read (16 bytes read, 5 bits of entropy available)
[    5.239617] random: udevadm: uninitialized urandom read (16 bytes read, 5 bits of entropy available)
[    5.239700] random: udevadm: uninitialized urandom read (16 bytes read, 5 bits of entropy available)
[    5.377442] e1000: Intel(R) PRO/1000 Network Driver - version 7.3.21-k8-NAPI
[    5.406304] e1000: Copyright (c) 1999-2006 Intel Corporation.
[    5.451152] AVX2 version of gcm_enc/dec engaged.
[    5.455088] AES CTR mode by8 optimization enabled
[    5.474855] Fusion MPT base driver 3.04.20
[    5.494391] Copyright (c) 1999-2008 LSI Corporation
[    5.506255] Fusion MPT SPI Host driver 3.04.20
[    5.661289] input: ImExPS/2 Generic Explorer Mouse as /devices/platform/i8042/serio1/input/input4
[    5.837507] e1000 0000:00:03.0 eth0: (PCI:33MHz:32-bit) 02:54:ad:ea:60:2e
[    5.840483] e1000 0000:00:03.0 eth0: Intel(R) PRO/1000 Network Connection
[    5.856415] mptbase: ioc0: Initiating bringup
[    5.857423] e1000 0000:00:03.0 enp0s3: renamed from eth0
[    6.018479] ioc0: LSI53C1030 A0: Capabilities={Initiator}
[    6.495617] scsi host2: ioc0: LSI53C1030 A0, FwRev=00000000h, Ports=1, MaxQ=256, IRQ=20
[    7.028162] scsi 2:0:0:0: Direct-Access     VBOX     HARDDISK         1.0  PQ: 0 ANSI: 5
[    7.035674] scsi target2:0:0: Beginning Domain Validation
[    7.040908] scsi target2:0:0: Domain Validation skipping write tests
[    7.060209] scsi target2:0:0: Ending Domain Validation
[    7.067956] scsi target2:0:0: asynchronous
[    7.069415] scsi 2:0:1:0: Direct-Access     VBOX     HARDDISK         1.0  PQ: 0 ANSI: 5
[    7.071561] scsi target2:0:1: Beginning Domain Validation
[    7.073648] scsi target2:0:1: Domain Validation skipping write tests
[    7.137172] scsi target2:0:1: Ending Domain Validation
[    7.139061] scsi target2:0:1: asynchronous
[    7.149131] sd 2:0:0:0: Attached scsi generic sg0 type 0
[    7.151454] sd 2:0:0:0: [sda] 20971520 512-byte logical blocks: (10.7 GB/10.0 GiB)
[    7.151827] sd 2:0:1:0: [sdb] 20480 512-byte logical blocks: (10.5 MB/10.0 MiB)
[    7.151988] sd 2:0:1:0: [sdb] Write Protect is off
[    7.152079] sd 2:0:1:0: [sdb] Incomplete mode parameter data
[    7.152081] sd 2:0:1:0: [sdb] Assuming drive cache: write through
[    7.169885] sd 2:0:1:0: Attached scsi generic sg1 type 0
[    7.173344] sd 2:0:1:0: [sdb] Attached SCSI disk
[    7.305003] sd 2:0:0:0: [sda] Write Protect is off
[    7.306086] sd 2:0:0:0: [sda] Incomplete mode parameter data
[    7.307186] sd 2:0:0:0: [sda] Assuming drive cache: write through
[    7.328702]  sda: sda1
[    7.333597] sd 2:0:0:0: [sda] Attached SCSI disk
Begin: Loading essential drivers[    8.891758] md: linear personality registered for level -1
 ... [    8.907716] md: multipath personality registered for level -4
[    8.920511] md: raid0 personality registered for level 0
[    8.939787] md: raid1 personality registered for level 1
[    9.019363] raid6: sse2x1   gen()  6338 MB/s
[    9.099322] raid6: sse2x1   xor()  4889 MB/s
[    9.167371] raid6: sse2x2   gen()  8162 MB/s
[    9.251352] raid6: sse2x2   xor()  4547 MB/s
[    9.323354] raid6: sse2x4   gen()  9882 MB/s
[    9.399342] raid6: sse2x4   xor()  6962 MB/s
[    9.471331] raid6: avx2x1   gen() 12015 MB/s
[    9.539371] raid6: avx2x2   gen() 14552 MB/s
[    9.607358] raid6: avx2x4   gen() 18805 MB/s
[    9.608735] raid6: using algorithm avx2x4 gen() 18805 MB/s
[    9.611400] raid6: using avx2x2 recovery algorithm
[    9.614657] xor: automatically using best checksumming function:
[    9.663594]    avx       : 26465.000 MB/sec
[    9.666336] async_tx: api initialized (async)
[    9.677033] md: raid6 personality registered for level 6
[    9.678449] md: raid5 personality registered for level 5
[    9.679727] md: raid4 personality registered for level 4
[    9.687393] md: raid10 personality registered for level 10
done.
Begin: Running /scripts/init-premount ... done.
Begin: Mounting root file system ... Begin: Running /scripts/local-top ... done.
Begin: Running /scripts/local-premount ... [    9.737794] Btrfs loaded
Scanning for Btrfs filesystems
done.
Warning: fsck not present, so skipping root file system
[    9.799559] EXT4-fs (sda1): INFO: recovery required on readonly filesystem
[    9.814770] EXT4-fs (sda1): write access will be enabled during recovery
[   10.134057] EXT4-fs (sda1): recovery complete
[   10.165345] EXT4-fs (sda1): mounted filesystem with ordered data mode. Opts: (null)
done.
Begin: Running /scripts/local-bottom ... done.
Begin: Running /scripts/init-bottom ... done.
[   10.381781] systemd[1]: systemd 229 running in system mode. (+PAM +AUDIT +SELINUX +IMA +APPARMOR +SMACK +SYSVINIT +UTMP +LIBCRYPTSETUP +GCRYPT +GNUTLS +ACL +XZ -LZ4 +SECCOMP +BLKID +ELFUTILS +KMOD -IDN)
[   10.400905] systemd[1]: Detected virtualization oracle.
[   10.416712] systemd[1]: Detected architecture x86-64.

Welcome to [1mUbuntu 16.04.5 LTS[0m!

[   10.479625] systemd[1]: Set hostname to <ubuntu-xenial>.
[   10.644487] random: nonblocking pool is initialized
[   10.847643] systemd[1]: Set up automount Arbitrary Executable File Formats File System Automount Point.
[[0;32m  OK  [0m] Set up automount Arbitrary Executab...ats File System Automount Point.
[   10.890465] systemd[1]: Listening on Journal Socket.
[[0;32m  OK  [0m] Listening on Journal Socket.
[   10.935460] systemd[1]: Listening on Device-mapper event daemon FIFOs.
[[0;32m  OK  [0m] Listening on Device-mapper event daemon FIFOs.
[   10.939251] systemd[1]: Reached target Encrypted Volumes.
[[0;32m  OK  [0m] Reached target Encrypted Volumes.
[   11.043610] systemd[1]: Reached target System Time Synchronized.
[[0;32m  OK  [0m] Reached target System Time Synchronized.
[   11.084975] systemd[1]: Listening on udev Control Socket.
[[0;32m  OK  [0m] Listening on udev Control Socket.
[   11.152380] systemd[1]: Started Trigger resolvconf update for networkd DNS.
[[0;32m  OK  [0m] Started Trigger resolvconf update for networkd DNS.
[   11.249459] systemd[1]: Listening on Journal Audit Socket.
[[0;32m  OK  [0m] Listening on Journal Audit Socket.
[   11.251767] systemd[1]: Listening on udev Kernel Socket.
[[0;32m  OK  [0m] Listening on udev Kernel Socket.
[   11.303554] systemd[1]: Reached target Swap.
[[0;32m  OK  [0m] Reached target Swap.
[   11.316461] systemd[1]: Listening on /dev/initctl Compatibility Named Pipe.
[[0;32m  OK  [0m] Listening on /dev/initctl Compatibility Named Pipe.
[   11.365968] systemd[1]: Listening on LVM2 metadata daemon socket.
[[0;32m  OK  [0m] Listening on LVM2 metadata daemon socket.
[   11.391626] systemd[1]: Reached target User and Group Name Lookups.
[[0;32m  OK  [0m] Reached target User and Group Name Lookups.
[   11.414523] systemd[1]: Created slice System Slice.
[[0;32m  OK  [0m] Created slice System Slice.
[   11.475611] systemd[1]: Starting Remount Root and Kernel File Systems...
         Starting Remount Root and Kernel File S[   11.511751] EXT4-fs (sda1): re-mounted. Opts: (null)
ystems...
[   11.543972] systemd[1]: Created slice system-postgresql.slice.
[[0;32m  OK  [0m] Created slice system-postgresql.slice.
[   11.547335] systemd[1]: Created slice system-serial\x2dgetty.slice.
[[0;32m  OK  [0m] Created slice system-serial\x2dgetty.slice.
[   11.563588] systemd[1]: Starting Create list of required static device nodes for the current kernel...
         Starting Create list of required st... nodes for the current kernel...
[   11.626834] systemd[1]: Starting Nameserver information manager...
         Starting Nameserver information manager...
[   11.634145] systemd[1]: Starting Set console keymap...
         Starting Set console keymap...
[   11.679484] systemd[1]: Mounting POSIX Message Queue File System...
         Mounting POSIX Message Queue File System...
[   11.684166] systemd[1]: Listening on Syslog Socket.
[[0;32m  OK  [0m] Listening on Syslog Socket.
[   11.688162] systemd[1]: Starting Monitoring of LVM2 mirrors, snapshots etc. using dmeventd or progress polling...
         Starting Monitoring of LVM2 mirrors... dmeventd or progress polling...
[   11.712207] systemd[1]: Starting Load Kernel Modules...
         Starting Load Kernel Modules...
[   11.719377] systemd[1]: Starting Uncomplicated firewall...
         Startin[   11.736978] Loading iSCSI transport class v2.0-870.
g Uncomplicated [   11.762339] iscsi: registered transport (tcp)
firewall...
[   11.795865] systemd[1]: Created slice User and Session Slice.
[[0;32m  OK  [0m] Created slice User and Session Slice.
[   11.808706] systemd[1]: Reached target Slices.
[[0;32m  OK  [0m] Reached targ[   11.824860] iscsi: registered transport (iser)
et Slices.
[   11.826543] systemd[1]: Started Forward Password Requests to Wall Directory Watch.
[[0;32m  OK  [0m] Started Forward Password Requests to Wall Directory Watch.
[   11.830871] systemd[1]: Listening on LVM2 poll daemon socket.
[[0;32m  OK  [0m] Listening on LVM2 poll daemon socket.
[   11.871527] systemd[1]: Mounting Huge Pages File System...
         Mounting Huge Pages File System...
[   11.881132] systemd[1]: Listening on Journal Socket (/dev/log).
[[0;32m  OK  [0m] Listening on Journal Socket (/dev/log).
[   11.927581] systemd[1]: Starting Journal Service...
         Starting Journal Service...
[   11.947280] systemd[1]: Mounting Debug File System...
         Mounting Debug File System...
[   11.964564] systemd[1]: Mounted Debug File System.
[[0;32m  OK  [0m] Mounted Debug File System.
[   11.974840] systemd[1]: Mounted POSIX Message Queue File System.
[[0;32m  OK  [0m] Mounted POSIX Message Queue File System.
[   11.980343] systemd[1]: Mounted Huge Pages File System.
[[0;32m  OK  [0m] Mounted Huge Pages File System.
[   11.993839] systemd[1]: Started Journal Service.
[[0;32m  OK  [0m] Started Journal Service.
[[0;32m  OK  [0m] Started Remount Root and Kernel File Systems.
[[0;32m  OK  [0m] Started Create list of required sta...ce nodes for the current kernel.
[[0;32m  OK  [0m] Started Set console keymap.
[[0;32m  OK  [0m] Started Load Kernel Modules.
[[0;32m  OK  [0m] Started Uncomplicated firewall.
[[0;32m  OK  [0m] Started Nameserver information manager.
[[0;32m  OK  [0m] Started LVM2 metadata daemon.
         Mounting FUSE Control File System...
         Starting Apply Kernel Variables...
         Starting Create Static Device Nodes in /dev...
         Starting udev Coldplug all Devices...
         Starting Load/Save Random Seed...
         Starting Flush Journal to Persistent Storage...
[[0;32m  OK  [0m] Mounted FUSE Control File System.
[[0;32m  OK  [0m] Started Apply Kernel Variables.
[[0;32m  OK  [0m] Started Create Static Device Nodes in /dev.
[[0;32m  OK  [0m] Started Load/Save Random Seed.
[[0;32m  OK  [0m] Started Flush Journal to Persistent Storage.
[[0;32m  OK  [0m] Started udev Coldplug all Devices.
         Starting udev Kernel Device Manager...
[[0;32m  OK  [0m] Started udev Kernel Device Manager.
[[0;32m  OK  [0m] Started Dispatch Password Requests to Console Directory Watch.
[[0;32m  OK  [0m] Started Monitoring of LVM2 mirrors,...ng dmeventd or progress polling.
[[0;32m  OK  [0m] Reached target Local File Systems (Pre).
[[0;32m  OK  [0m] Reached target Local File Systems.
         Starting Set console font and keymap...
         Starting Initial cloud-init job (pre-networking)...
         Starting LSB: AppArmor initialization...
         Starting Create Volatile Files and Directories...
         Starting Tell Plymouth To Write Out Runtime Data...
[[0;32m  OK  [0m] Started Tell Plymouth To Write Out Runtime Data.
[[0;32m  OK  [0m] Started Create Volatile Files and Directories.
[[0;32m  OK  [0m] Found device /dev/ttyS0.
[[0;32m  OK  [0m] Listening on Load/Save RF Kill Switch Status /dev/rfkill Watch.
         Starting Update UTMP about System Boot/Shutdown...
[[0;32m  OK  [0m] Started Update UTMP about System Boot/Shutdown.
[[0;32m  OK  [0m] Found device 82540EM Gigabit Ethern...r (PRO/1000 MT Desktop Adapter).
[[0;32m  OK  [0m] Started LSB: AppArmor initialization.
[[0;32m  OK  [0m] Started Set console font and keymap.
[[0;32m  OK  [0m] Created slice system-getty.slice.
[   12.610003] cloud-init[480]: Cloud-init v. 18.3-9-g2e62cb8a-0ubuntu1~16.04.2 running 'init-local' at Sat, 11 Aug 2018 17:36:34 +0000. Up 12.22 seconds.
[[0;32m  OK  [0m] Started Initial cloud-init job (pre-networking).
[[0;32m  OK  [0m] Reached target Network (Pre).
         Starting Raise network interfaces...
[[0;32m  OK  [0m] Started ifup for enp0s3.
[[0;32m  OK  [0m] Started Raise network interfaces.
[[0;32m  OK  [0m] Reached target Network.
         Starting Initial cloud-init job (metadata service crawler)...
[   13.821434] cloud-init[959]: Cloud-init v. 18.3-9-g2e62cb8a-0ubuntu1~16.04.2 running 'init' at Sat, 11 Aug 2018 17:36:36 +0000. Up 13.35 seconds.
[   13.865448] cloud-init[959]: ci-info: ++++++++++++++++++++++++++++++++++++++Net device info++++++++++++++++++++++++++++++++++++++
[   13.867945] cloud-init[959]: ci-info: +--------+------+----------------------------+---------------+--------+-------------------+
[   13.884555] cloud-init[959]: ci-info: | Device |  Up  |          Address           |      Mask     | Scope  |     Hw-Address    |
[   13.889350] cloud-init[959]: ci-info: +--------+------+----------------------------+---------------+--------+-------------------+
[   13.891676] cloud-init[959]: ci-info: | enp0s3 | True |         10.0.2.15          | 255.255.255.0 | global | 02:54:ad:ea:60:2e |
[   13.919987] cloud-init[959]: ci-info: | enp0s3 | True | fe80::54:adff:feea:602e/64 |       .       |  link  | 02:54:ad:ea:60:2e |
[   13.920487] cloud-init[959]: ci-info: |   lo   | True |         127.0.0.1          |   255.0.0.0   |  host  |         .         |
[   13.920844] cloud-init[959]: ci-info: |   lo   | True |          ::1/128           |       .       |  host  |         .         |
[[0;32m  OK  [0m] Started Initial cloud-init job (metadata service crawler).
[   13.923767] cloud-init[959]: ci-info: +--------+------+----------------------------+---------------+--------+-------------------+
[   13.977635] cloud-init[959]: ci-info: +++++++++++++++++++++++++++Route IPv4 info++++++++++++++++++++++++++++
[   13.977974] cloud-init[959]: ci-info: +-------+-------------+----------+---------------+-----------+-------+
[[0;32m  OK  [0m] Reached target Network is Online.
[   13.978107] cloud-init[959]: ci-info: | Route | Destination | Gateway  |    Genmask    | Interface | Flags |
[   14.132158] cloud-init[959]: ci-info: +-------+-------------+----------+---------------+-----------+-------+
         Starting iSCSI initiator daemon (iscsid)...
[   14.133612] cloud-init[959]: ci-info: |   0   |   0.0.0.0   | 10.0.2.2 |    0.0.0.0    |   enp0s3  |   UG  |
[   14.155305] cloud-init[959]: ci-info: |   1   |   10.0.2.0  | 0.0.0.0  | 255.255.255.0 |   enp0s3  |   U   |
[[0;32m  OK  [0m] Reached target System Initialization.
[   14.155367] cloud-init[959]: ci-info: +-------+-------------+----------+---------------+-----------+-------+
[   14.192704] cloud-init[959]: ci-info: +++++++++++++++++++Route IPv6 info+++++++++++++++++++
[   14.195659] cloud-init[959]: ci-info: +-------+-------------+---------+-----------+-------+
[[0;32m  OK  [0m] Started ACPI Events Check.
[[   14.196180] cloud-init[959]: ci-info: | Route | Destination | Gateway | Interface | Flags |
[   14.213487] cloud-init[959]: ci-info: +-------+-------------+---------+-----------+-------+
[   14.213781] cloud-init[959]: ci-info: |   0   |  fe80::/64  |    ::   |   enp0s3  |   U   |
[   14.214136] cloud-init[959]: ci-info: |   3   |   ff00::/8  |    ::   |   enp0s3  |   U   |
[   14.214486] cloud-init[959]: ci-info: +-------+-------------+---------+-----------+-------+
[0;32m  OK  [0m] Reached target Paths.
[[0;32m  OK  [0m] Started Daily Cleanup of Temporary Directories.
[[0;32m  OK  [0m] Listening on D-Bus System Message Bus Socket.
[[0;32m  OK  [0m] Listening on UUID daemon activation socket.
         Starting LXD - unix socket.
[[0;32m  OK  [0m] Listening on ACPID Listen Socket.
         Starting Socket activation for snappy daemon.
[[0;32m  OK  [0m] Started Daily apt download activities.
[[0;32m  OK  [0m] Started Daily apt upgrade and clean activities.
[[0;32m  OK  [0m] Reached target Timers.
[[0;32m  OK  [0m] Reached target Cloud-config availability.
[[0;32m  OK  [0m] Listening on LXD - unix socket.
[[0;32m  OK  [0m] Listening on Socket activation for snappy daemon.
[[0;32m  OK  [0m] Started iSCSI initiator daemon (iscsid).
         Starting Login to default iSCSI targets...
[[0;32m  OK  [0m] Reached target Sockets.
[[0;32m  OK  [0m] Reached target Basic System.
         Starting Accounts Service...
[[0;32m  OK  [0m] Started Deferred execution scheduler.
[[0;32m  OK  [0m] Started Regular background program processing daemon.
         Starting LSB: Record successful boot for GRUB...
         Starting Login Service...
[[0;32m  OK  [0m] Started FUSE filesystem for LXC.
         Starting PostgreSQL Cluster 9.6-main...
         Starting OpenBSD Secure Shell server...
         Starting Virtualbox guest utils...
[[0;32m  OK  [0m] Started ACPI event daemon.
         Starting System Logging Service...
[[0;32m  OK  [0m] Started Unattended Upgrades Shutdown.
         Starting LSB: MD monitoring daemon...
         Starting Snappy daemon...
[[0;32m  OK  [0m] Started D-Bus System Message Bus.
         Starting /etc/rc.local Compatibility...
         Starting Advanced key-value store...
         Starting LXD - container startup/shutdown...
[[0;32m  OK  [0m] Started OpenBSD Secure Shell server.
[[0;32m  OK  [0m] Started System Logging Service.
[[0;32m  OK  [0m] Started /etc/rc.local Compatibility.
[[0;32m  OK  [0m] Started Login to default iSCSI targets.
[[0;32m  OK  [0m] Started LSB: Record successful boot for GRUB.
[[0;32m  OK  [0m] Started Advanced key-value store.
[[0;32m  OK  [0m] Started LSB: MD monitoring daemon.
[[0;32m  OK  [0m] Started Virtualbox guest utils.
[[0;32m  OK  [0m] Started Snappy daemon.
[[0;32m  OK  [0m] Started LXD - container startup/shutdown.
[[0;32m  OK  [0m] Started Login Service.
         Starting Authenticate and Authorize Users to Run Privileged Tasks...
         Starting Wait until snapd is fully seeded...
[[0;32m  OK  [0m] Reached target Remote File Systems (Pre).
[[0;32m  OK  [0m] Reached target Remote File Systems.
         Starting LSB: automatic crash report generation...
         Starting LSB: Set the CPU Frequency Scaling governor to "ondemand"...
         Starting LSB: Start/stop sysstat's sadc...
         Starting Permit User Sessions...
         Starting LSB: daemon to balance interrupts for SMP systems...
[[0;32m  OK  [0m] Started Wait until snapd is fully seeded.
[[0;32m  OK  [0m] Started Permit User Sessions.
[[0;32m  OK  [0m] Started Authenticate and Authorize Users to Run Privileged Tasks.
[[0;32m  OK  [0m] Started Accounts Service.
[[0;32m  OK  [0m] Started LSB: Set the CPU Frequency Scaling governor to "ondemand".
[[0;32m  OK  [0m] Started LSB: Start/stop sysstat's sadc.
         Starting Hold until boot process finishes up...
         Starting Terminate Plymouth Boot Screen...
         Starting Apply the settings specified in cloud-config...
[[0;32m  OK  [0m] Started LSB: daemon to balance interrupts for SMP systems.
[[0;32m  OK  [0m] Started Hold until boot process finishes up.
[[0;32m  OK  [0m] Started LSB: automatic crash report generation.
[[0;32m  OK  [0m] Started Terminate Plymouth Boot Screen.
[[0;32m  OK  [0m] Started Serial Getty on ttyS0.
         Starting Set console scheme...
[[0;32m  OK  [0m] Started Getty on tty1.
[[0;32m  OK  [0m] Reached target Login Prompts.
[[0;32m  OK  [0m] Started Set console scheme.
[   17.064691] cloud-init[1227]: Cloud-init v. 18.3-9-g2e62cb8a-0ubuntu1~16.04.2 running 'modules:config' at Sat, 11 Aug 2018 17:36:39 +0000. Up 16.87 seconds.
[[0;32m  OK  [0m] Started Apply the settings specified in cloud-config.
[[0;32m  OK  [0m] Created slice User Slice of vagrant.
         Starting User Manager for UID 1000...
[[0;32m  OK  [0m] Started Session 1 of user vagrant.
[[0;32m  OK  [0m] Started User Manager for UID 1000.
[[0;32m  OK  [0m] Started PostgreSQL Cluster 9.6-main.
         Starting PostgreSQL RDBMS...
[[0;32m  OK  [0m] Started PostgreSQL RDBMS.
[[0;32m  OK  [0m] Reached target Multi-User System.
[[0;32m  OK  [0m] Reached target Graphical Interface.
         Starting Update UTMP about System Runlevel Changes...
         Starting Execute cloud user/final scripts...
[[0;32m  OK  [0m] Started Update UTMP about System Runlevel Changes.
[   19.189856] cloud-init[1328]: Cloud-init v. 18.3-9-g2e62cb8a-0ubuntu1~16.04.2 running 'modules:final' at Sat, 11 Aug 2018 17:36:41 +0000. Up 18.99 seconds.
[   19.222936] cloud-init[1328]: Cloud-init v. 18.3-9-g2e62cb8a-0ubuntu1~16.04.2 finished at Sat, 11 Aug 2018 17:36:41 +0000. Datasource DataSourceNoCloud [seed=/dev/sdb][dsmode=net].  Up 19.17 seconds
[[0;32m  OK  [0m] Started Execute cloud user/final scripts.
[[0;32m  OK  [0m] Reached target Cloud-init target.

Ubuntu 16.04.5 LTS ubuntu-xenial ttyS0

ubuntu-xenial login: 